<?xml version="1.0" encoding="UTF-8" ?>
<testsuite tests="5" failures="0" name="com.cg.projectTest.AppTest" time="0.002" errors="0" skipped="0">
  <properties>
[...]
</properties>
  <testcase classname="com.cg.projectTest.AppTest" name="test1" time="0.002"/>
  <testcase classname="com.cg.projectTest.AppTest" name="test2" time="0"/>
  <testcase classname="com.cg.projectTest.AppTest" name="test3" time="0"/>
  <testcase classname="com.cg.projectTest.AppTest" name="test4" time="0"/>
  <testcase classname="com.cg.projectTest.AppTest" name="test5" time="0"/>
</testsuite>